login Listening
login POST /-/v1/login
login PUT /-/user/org.couchdb.user:gaikaze
login Listening
start-a-project Listening
start-a-project Listening
start-a-project Listening
start-a-project Listening
install-a-module Listening
install-a-module GET /@linclark/pkg
install-a-module POST /-/npm/v1/security/audits/quick
install-a-module Listening
install-a-module Listening
install-a-module Listening
install-a-module Listening
install-a-module Listening
install-a-module Listening
install-a-module Listening
install-a-module Listening
install-a-module Listening
install-a-module Listening
install-a-module Listening
install-a-module Listening
install-a-module Listening
install-a-module Listening
install-a-module Listening
install-a-module Listening
install-a-module Listening
install-a-module Listening
install-a-module Listening
install-a-module Listening
install-a-module Listening
install-a-module Listening
install-a-module Listening
install-a-module Listening
install-a-module Listening
install-a-module Listening
install-a-module Listening
install-a-module Listening
install-a-module Listening
install-a-module Listening
install-a-module Listening
install-a-module Listening
install-a-module Listening
install-a-module Listening
install-a-module Listening
install-a-module Listening
install-a-module Listening
install-a-module Listening
install-a-module Listening
install-a-module Listening
install-a-module Listening
install-a-module Listening
install-a-module Listening
install-a-module Listening
install-a-module Listening
install-a-module Listening
install-a-module Listening
